1423259491 Init.
1423259795 Init.
1423260100 Init.
1423260404 Init.
1423260708 Init.
1423261012 Init.
1423261316 Init.
1423261620 Init.
1423261924 Init.
1423262228 Init.
1423262532 Init.
1423262836 Init.
1423263141 Init.
1423263446 Init.
1423263750 Init.
1423264054 Init.
1423264358 Init.
1423264662 Init.
1423264966 Init.
1423265271 Init.
1423265575 Init.
1423265879 Init.
1423266183 Init.
1423266487 Init.
1423266791 Init.
1423267095 Init.
1423267399 Init.
1423267704 Init.
1423268008 Init.
1423268313 Init.
1423268617 Init.
1423268921 Init.
1423269225 Init.
1423269529 Init.
1423269833 Init.
1423270137 Init.
1423341076 Init.
1423391235 Init.
1423858643 Init.
1423898385 Init.
1423898969 Init.
1423899021 Init.
1423899236 Init.
1423969214 Init.
1424034211 Init.
1424035040 Init.
1424035044 Init.
1424035042 Init.
1424035054 Init.
1424539698 Init.
1424540427 Init.
1424540546 Init.
1424540568 Init.
1424541764 Init.
1424542378 Init.
1424542686 Init.
1424542992 Init.
1424543298 Init.
1424543605 Init.
1424543911 Init.
1424544217 Init.
1424544524 Init.
1424544830 Init.
1424545135 Init.
1424545441 Init.
1424545747 Init.
1424546054 Init.
1424546360 Init.
1424546668 Init.
1424546974 Init.
1424547280 Init.
1424603850 Init.
1425064654 Init.
