
events.js:72
        throw er; // Unhandled 'error' event
              ^
error: terminating connection due to administrator command
    at Connection.parseE (/home/madks/StudyHelper/StudyHelper-WS-Rest/node_modules/pg/lib/connection.js:526:11)
    at Connection.parseMessage (/home/madks/StudyHelper/StudyHelper-WS-Rest/node_modules/pg/lib/connection.js:356:17)
    at Socket.<anonymous> (/home/madks/StudyHelper/StudyHelper-WS-Rest/node_modules/pg/lib/connection.js:105:22)
    at Socket.emit (events.js:95:17)
    at Socket.<anonymous> (_stream_readable.js:748:14)
    at Socket.emit (events.js:92:17)
    at emitReadable_ (_stream_readable.js:410:10)
    at emitReadable (_stream_readable.js:406:5)
    at readableAddChunk (_stream_readable.js:168:9)
    at Socket.Readable.push (_stream_readable.js:130:10)

events.js:72
        throw er; // Unhandled 'error' event
              ^
error: terminating connection due to administrator command
    at Connection.parseE (/home/madks/StudyHelper/StudyHelper-WS-Rest/node_modules/pg/lib/connection.js:526:11)
    at Connection.parseMessage (/home/madks/StudyHelper/StudyHelper-WS-Rest/node_modules/pg/lib/connection.js:356:17)
    at Socket.<anonymous> (/home/madks/StudyHelper/StudyHelper-WS-Rest/node_modules/pg/lib/connection.js:105:22)
    at Socket.emit (events.js:95:17)
    at Socket.<anonymous> (_stream_readable.js:748:14)
    at Socket.emit (events.js:92:17)
    at emitReadable_ (_stream_readable.js:410:10)
    at emitReadable (_stream_readable.js:406:5)
    at readableAddChunk (_stream_readable.js:168:9)
    at Socket.Readable.push (_stream_readable.js:130:10)

events.js:72
        throw er; // Unhandled 'error' event
              ^
error: terminating connection due to administrator command
    at Connection.parseE (/home/madks/StudyHelper/StudyHelper-WS-Rest/node_modules/pg/lib/connection.js:526:11)
    at Connection.parseMessage (/home/madks/StudyHelper/StudyHelper-WS-Rest/node_modules/pg/lib/connection.js:356:17)
    at Socket.<anonymous> (/home/madks/StudyHelper/StudyHelper-WS-Rest/node_modules/pg/lib/connection.js:105:22)
    at Socket.emit (events.js:95:17)
    at Socket.<anonymous> (_stream_readable.js:748:14)
    at Socket.emit (events.js:92:17)
    at emitReadable_ (_stream_readable.js:410:10)
    at emitReadable (_stream_readable.js:406:5)
    at readableAddChunk (_stream_readable.js:168:9)
    at Socket.Readable.push (_stream_readable.js:130:10)

events.js:72
        throw er; // Unhandled 'error' event
              ^
error: terminating connection due to administrator command
    at Connection.parseE (/home/madks/StudyHelper/StudyHelper-WS-Rest/node_modules/pg/lib/connection.js:526:11)
    at Connection.parseMessage (/home/madks/StudyHelper/StudyHelper-WS-Rest/node_modules/pg/lib/connection.js:356:17)
    at Socket.<anonymous> (/home/madks/StudyHelper/StudyHelper-WS-Rest/node_modules/pg/lib/connection.js:105:22)
    at Socket.emit (events.js:95:17)
    at Socket.<anonymous> (_stream_readable.js:748:14)
    at Socket.emit (events.js:92:17)
    at emitReadable_ (_stream_readable.js:410:10)
    at emitReadable (_stream_readable.js:406:5)
    at readableAddChunk (_stream_readable.js:168:9)
    at Socket.Readable.push (_stream_readable.js:130:10)

events.js:72
        throw er; // Unhandled 'error' event
              ^
error: terminating connection due to administrator command
    at Connection.parseE (/home/madks/StudyHelper/StudyHelper-WS-Rest/node_modules/pg/lib/connection.js:526:11)
    at Connection.parseMessage (/home/madks/StudyHelper/StudyHelper-WS-Rest/node_modules/pg/lib/connection.js:356:17)
    at Socket.<anonymous> (/home/madks/StudyHelper/StudyHelper-WS-Rest/node_modules/pg/lib/connection.js:105:22)
    at Socket.emit (events.js:95:17)
    at Socket.<anonymous> (_stream_readable.js:748:14)
    at Socket.emit (events.js:92:17)
    at emitReadable_ (_stream_readable.js:410:10)
    at emitReadable (_stream_readable.js:406:5)
    at readableAddChunk (_stream_readable.js:168:9)
    at Socket.Readable.push (_stream_readable.js:130:10)
